--------------------------------------------------------------------------------
Release 14.7 Trace  (nt64)
Copyright (c) 1995-2013 Xilinx, Inc.  All rights reserved.

C:\Xilinx\14.7\ISE_DS\ISE\bin\nt64\unwrapped\trce.exe -filter
C:/Users/Narmadha/Desktop/00000000/project1/iseconfig/filter.filter -intstyle
ise -v 3 -s 4 -n 3 -fastpaths -xml project1.twx project1.ncd -o project1.twr
project1.pcf

Design file:              project1.ncd
Physical constraint file: project1.pcf
Device,package,speed:     xc3s250e,cp132,-4 (PRODUCTION 1.27 2013-10-13)
Report level:             verbose report

Environment Variable      Effect 
--------------------      ------ 
NONE                      No environment variables were set
--------------------------------------------------------------------------------

INFO:Timing:2698 - No timing constraints found, doing default enumeration.
INFO:Timing:3412 - To improve timing, see the Timing Closure User Guide (UG612).
INFO:Timing:2752 - To get complete path coverage, use the unconstrained paths 
   option. All paths that are not constrained will be reported in the 
   unconstrained paths section(s) of the report.
INFO:Timing:3339 - The clock-to-out numbers in this timing report are based on 
   a 50 Ohm transmission line loading model.  For the details of this model, 
   and for more information on accounting for different loading conditions, 
   please see the device datasheet.
INFO:Timing:3390 - This architecture does not support a default System Jitter 
   value, please add SYSTEM_JITTER constraint to the UCF to modify the Clock 
   Uncertainty calculation.
INFO:Timing:3389 - This architecture does not support 'Discrete Jitter' and 
   'Phase Error' calculations, these terms will be zero in the Clock 
   Uncertainty calculation.  Please make appropriate modification to 
   SYSTEM_JITTER to account for the unsupported Discrete Jitter and Phase 
   Error.



Data Sheet report:
-----------------
All values displayed in nanoseconds (ns)

Setup/Hold to clock clk
------------+------------+------------+------------------+--------+
            |Max Setup to|Max Hold to |                  | Clock  |
Source      | clk (edge) | clk (edge) |Internal Clock(s) | Phase  |
------------+------------+------------+------------------+--------+
partA<0>    |    4.430(R)|    0.235(R)|clk_BUFGP         |   0.000|
partA<1>    |    4.582(R)|    0.004(R)|clk_BUFGP         |   0.000|
partA<2>    |    4.822(R)|    0.131(R)|clk_BUFGP         |   0.000|
partA<3>    |    3.892(R)|    0.399(R)|clk_BUFGP         |   0.000|
partB<0>    |    1.296(R)|    0.573(R)|clk_BUFGP         |   0.000|
partB<1>    |    1.596(R)|    0.936(R)|clk_BUFGP         |   0.000|
partB<2>    |    2.115(R)|    0.759(R)|clk_BUFGP         |   0.000|
partB<3>    |    2.238(R)|    0.693(R)|clk_BUFGP         |   0.000|
partC       |    4.213(R)|   -0.195(R)|clk_BUFGP         |   0.000|
partD       |    2.451(R)|    1.323(R)|clk_BUFGP         |   0.000|
------------+------------+------------+------------------+--------+

Clock clk to Pad
------------+------------+------------------+--------+
            | clk (edge) |                  | Clock  |
Destination |   to PAD   |Internal Clock(s) | Phase  |
------------+------------+------------------+--------+
partE<0>    |    7.366(R)|clk_BUFGP         |   0.000|
partE<1>    |    7.090(R)|clk_BUFGP         |   0.000|
partE<2>    |    7.611(R)|clk_BUFGP         |   0.000|
partE<3>    |    7.631(R)|clk_BUFGP         |   0.000|
------------+------------+------------------+--------+

Clock to Setup on destination clock clk
---------------+---------+---------+---------+---------+
               | Src:Rise| Src:Fall| Src:Rise| Src:Fall|
Source Clock   |Dest:Rise|Dest:Rise|Dest:Fall|Dest:Fall|
---------------+---------+---------+---------+---------+
clk            |   27.434|         |         |         |
---------------+---------+---------+---------+---------+


Analysis completed Fri Mar 11 18:09:40 2016 
--------------------------------------------------------------------------------

Trace Settings:
-------------------------
Trace Settings 

Peak Memory Usage: 164 MB



