Command line:
   project1_isim_beh.exe
     -simmode  gui
     -simrunnum  0
     -socket  53448

Fri Mar 11 15:40:49 2016


 Elaboration Time: 0.125 sec

 Current Memory Usage: 839.594 Meg

 Total Signals          : 38
 Total Nets             : 61
 Total Signal Drivers   : 15
 Total Blocks           : 5
 Total Primitive Blocks : 4
 Total Processes        : 19
 Total Traceable Variables  : 32
 Total Scalar Nets and Variables : 262
Total Line Count : 59

 Total Simulation Time: 0.1875 sec

 Current Memory Usage: 839.594 Meg

Fri Mar 11 15:41:02 2016

